{
  "RSpec": {
    "coverage": {
      "/home/yvovk4/Code/open-flights-2/app/models/airline.rb": {
        "lines": [
          1,
          1,
          1,
          null,
          2,
          null,
          1,
          null,
          1,
          null,
          1,
          7,
          null,
          null,
          1,
          4,
          null,
          0,
          null,
          null,
          1,
          1,
          null,
          null,
          1,
          null,
          1,
          8,
          0,
          null,
          null,
          null
        ]
      },
      "/home/yvovk4/Code/open-flights-2/app/models/application_record.rb": {
        "lines": [
          1,
          1,
          null
        ]
      },
      "/home/yvovk4/Code/open-flights-2/app/helpers/application_helper.rb": {
        "lines": [
          1,
          null
        ]
      },
      "/home/yvovk4/Code/open-flights-2/app/helpers/pages_helper.rb": {
        "lines": [
          1,
          null
        ]
      },
      "/home/yvovk4/Code/open-flights-2/app/mailers/airline_mailer.rb": {
        "lines": [
          1,
          1,
          null,
          1,
          0,
          null,
          null
        ]
      },
      "/home/yvovk4/Code/open-flights-2/app/mailers/application_mailer.rb": {
        "lines": [
          1,
          1,
          1,
          null
        ]
      },
      "/home/yvovk4/Code/open-flights-2/app/models/user.rb": {
        "lines": [
          1,
          1,
          null
        ]
      },
      "/home/yvovk4/Code/open-flights-2/app/controllers/api/v1/airlines_controller.rb": {
        "lines": [
          1,
          1,
          1,
          1,
          null,
          1,
          1,
          1,
          1,
          null,
          1,
          1,
          null,
          1,
          null,
          null,
          1,
          1,
          null,
          1,
          null,
          null,
          1,
          1,
          null,
          1,
          null,
          1,
          1,
          1,
          null,
          0,
          0,
          null,
          null,
          null,
          1,
          1,
          null,
          1,
          1,
          null,
          0,
          null,
          null,
          null,
          1,
          1,
          null,
          1,
          1,
          null,
          0,
          null,
          null,
          null,
          1,
          1,
          null,
          1,
          null,
          null,
          1,
          1,
          null,
          1,
          null,
          null,
          1,
          null,
          1,
          3,
          null,
          null,
          1,
          4,
          null,
          null,
          null,
          null,
          null
        ]
      },
      "/home/yvovk4/Code/open-flights-2/app/controllers/application_controller.rb": {
        "lines": [
          1,
          null
        ]
      },
      "/home/yvovk4/Code/open-flights-2/app/serializers/airline_serializer.rb": {
        "lines": [
          1,
          1,
          1,
          null,
          1,
          null
        ]
      },
      "/home/yvovk4/Code/open-flights-2/app/serializers/review_serializer.rb": {
        "lines": [
          1,
          1,
          1,
          null
        ]
      },
      "/home/yvovk4/Code/open-flights-2/app/models/review.rb": {
        "lines": [
          1,
          1,
          null,
          1,
          null
        ]
      },
      "/home/yvovk4/Code/open-flights-2/app/controllers/api/v1/reviews_controller.rb": {
        "lines": [
          1,
          1,
          1,
          1,
          null,
          1,
          2,
          null,
          2,
          1,
          null,
          1,
          null,
          null,
          null,
          1,
          0,
          null,
          0,
          0,
          null,
          0,
          null,
          null,
          null,
          1,
          null,
          1,
          2,
          null,
          null,
          1,
          2,
          null,
          null,
          null,
          null
        ]
      },
      "/home/yvovk4/Code/open-flights-2/app/channels/application_cable/channel.rb": {
        "lines": [
          0,
          0,
          0,
          0
        ],
        "branches": {
        }
      },
      "/home/yvovk4/Code/open-flights-2/app/channels/application_cable/connection.rb": {
        "lines": [
          0,
          0,
          0,
          0
        ],
        "branches": {
        }
      },
      "/home/yvovk4/Code/open-flights-2/app/controllers/pages_controller.rb": {
        "lines": [
          0,
          null,
          0,
          0,
          0
        ],
        "branches": {
        }
      },
      "/home/yvovk4/Code/open-flights-2/app/jobs/application_job.rb": {
        "lines": [
          0,
          null,
          null,
          null,
          null,
          null,
          0
        ],
        "branches": {
        }
      },
      "/home/yvovk4/Code/open-flights-2/app/serializers/country_serializer.rb": {
        "lines": [
          0,
          0,
          0,
          null,
          0,
          0
        ],
        "branches": {
        }
      }
    },
    "timestamp": 1617290979
  }
}
